2026-02-04 22:24:11.144 [JavaFX Application Thread] INFO  com.minelink.MineLinkApp - Starting MineLink v2.0.0
2026-02-04 22:24:11.278 [JavaFX Application Thread] INFO  c.minelink.controller.MainController - Initializing MainController
2026-02-04 22:24:11.293 [JavaFX Application Thread] INFO  c.minelink.controller.MainController - Status: Ready - Select mode and start network
2026-02-04 22:24:11.515 [JavaFX Application Thread] INFO  com.minelink.MineLinkApp - MineLink started successfully!
2026-02-04 22:24:43.842 [JavaFX Application Thread] INFO  com.minelink.MineLinkApp - Starting MineLink v2.0.0
2026-02-04 22:24:43.952 [JavaFX Application Thread] INFO  c.minelink.controller.MainController - Initializing MainController
2026-02-04 22:24:43.968 [JavaFX Application Thread] INFO  c.minelink.controller.MainController - Status: Ready - Select mode and start network
2026-02-04 22:24:44.182 [JavaFX Application Thread] INFO  com.minelink.MineLinkApp - MineLink started successfully!
2026-02-04 22:24:55.947 [JavaFX Application Thread] INFO  c.minelink.controller.MainController - Mode changed to: HOST
2026-02-04 22:24:57.211 [JavaFX Application Thread] INFO  c.minelink.controller.MainController - Starting network in HOST mode
2026-02-04 22:24:57.211 [Thread-3] INFO  com.minelink.network.NetworkManager - Starting network...
2026-02-04 22:24:57.211 [Thread-3] INFO  c.minelink.controller.MainController - Status: Starting network...
2026-02-04 22:24:57.211 [Thread-3] INFO  com.minelink.network.NetworkManager - Discovering public address...
2026-02-04 22:24:57.211 [Thread-3] INFO  c.minelink.controller.MainController - Status: Discovering public address...
2026-02-04 22:24:57.294 [Thread-3] INFO  com.minelink.network.NetworkManager - STUN discovered: 110.235.225.61:61356 (local: 61356)
2026-02-04 22:24:57.294 [Thread-3] INFO  c.minelink.controller.MainController - Status: STUN discovered: 110.235.225.61:61356 (local: 61356)
2026-02-04 22:24:57.411 [Thread-3] INFO  c.minelink.network.ReliableTransport - Transport started on /[0:0:0:0:0:0:0:0]:61356
2026-02-04 22:24:57.411 [nioEventLoopGroup-2-1] INFO  c.minelink.network.ReliableTransport - === CHANNEL ACTIVE: ready to receive packets ===
2026-02-04 22:24:57.412 [Thread-3] INFO  com.minelink.network.NetworkManager - Listening on port 61356
2026-02-04 22:24:57.412 [Thread-3] INFO  c.minelink.controller.MainController - Status: Listening on port 61356
2026-02-04 22:24:57.484 [Thread-3] INFO  com.minelink.network.NetworkManager - Public address: 110.235.225.61:61356
2026-02-04 22:24:57.484 [Thread-3] INFO  c.minelink.controller.MainController - Status: Public address: 110.235.225.61:61356
2026-02-04 22:24:57.484 [Thread-3] INFO  com.minelink.network.NetworkManager - Running in HOST mode
2026-02-04 22:24:57.484 [Thread-3] INFO  c.minelink.controller.MainController - Status: Running in HOST mode
2026-02-04 22:24:57.484 [Thread-3] INFO  com.minelink.network.NetworkManager - Waiting for peers (will connect to MC on port 25565 when needed)
2026-02-04 22:24:57.484 [Thread-3] INFO  c.minelink.controller.MainController - Status: Waiting for peers (will connect to MC on port 25565 when needed)
2026-02-04 22:24:57.484 [Thread-3] INFO  com.minelink.network.NetworkManager - Network started!
2026-02-04 22:24:57.484 [Thread-3] INFO  c.minelink.controller.MainController - Status: Network started!
2026-02-04 22:24:59.434 [JavaFX Application Thread] INFO  c.minelink.controller.MainController - Starting network in CLIENT mode
2026-02-04 22:24:59.435 [Thread-3] INFO  com.minelink.network.NetworkManager - Starting network...
2026-02-04 22:24:59.435 [Thread-3] INFO  c.minelink.controller.MainController - Status: Starting network...
2026-02-04 22:24:59.435 [Thread-3] INFO  com.minelink.network.NetworkManager - Discovering public address...
2026-02-04 22:24:59.435 [Thread-3] INFO  c.minelink.controller.MainController - Status: Discovering public address...
2026-02-04 22:24:59.474 [Thread-3] INFO  com.minelink.network.NetworkManager - STUN discovered: 110.235.225.61:61357 (local: 61357)
2026-02-04 22:24:59.474 [Thread-3] INFO  c.minelink.controller.MainController - Status: STUN discovered: 110.235.225.61:61357 (local: 61357)
2026-02-04 22:24:59.589 [Thread-3] INFO  c.minelink.network.ReliableTransport - Transport started on /[0:0:0:0:0:0:0:0]:61357
2026-02-04 22:24:59.589 [nioEventLoopGroup-2-1] INFO  c.minelink.network.ReliableTransport - === CHANNEL ACTIVE: ready to receive packets ===
2026-02-04 22:24:59.590 [Thread-3] INFO  com.minelink.network.NetworkManager - Listening on port 61357
2026-02-04 22:24:59.590 [Thread-3] INFO  c.minelink.controller.MainController - Status: Listening on port 61357
2026-02-04 22:24:59.660 [Thread-3] INFO  com.minelink.network.NetworkManager - Public address: 110.235.225.61:61357
2026-02-04 22:24:59.660 [Thread-3] INFO  c.minelink.controller.MainController - Status: Public address: 110.235.225.61:61357
2026-02-04 22:24:59.660 [Thread-3] INFO  com.minelink.network.NetworkManager - Running in CLIENT mode
2026-02-04 22:24:59.660 [Thread-3] INFO  c.minelink.controller.MainController - Status: Running in CLIENT mode
2026-02-04 22:24:59.660 [Thread-3] INFO  com.minelink.network.NetworkManager - Network started!
2026-02-04 22:24:59.660 [Thread-3] INFO  c.minelink.controller.MainController - Status: Network started!
2026-02-04 22:25:07.576 [JavaFX Application Thread] INFO  c.minelink.network.ReliableTransport - Added peer: minelink-d96c563d @ /110.235.225.61:61357
2026-02-04 22:25:07.577 [JavaFX Application Thread] INFO  com.minelink.network.NetworkManager - Added peer: minelink-d96c563d
2026-02-04 22:25:07.577 [JavaFX Application Thread] INFO  c.minelink.controller.MainController - Status: Added peer: minelink-d96c563d
2026-02-04 22:25:07.577 [pool-3-thread-1] INFO  com.minelink.network.NetworkManager - Starting auto-punch to minelink-d96c563d
2026-02-04 22:25:07.577 [pool-3-thread-1] INFO  c.minelink.controller.MainController - Status: Starting auto-punch to minelink-d96c563d
2026-02-04 22:25:08.523 [JavaFX Application Thread] INFO  c.minelink.network.ReliableTransport - Added peer: minelink-e26c9cc2 @ /110.235.225.61:61356
2026-02-04 22:25:08.523 [JavaFX Application Thread] INFO  com.minelink.network.NetworkManager - Added peer: minelink-e26c9cc2
2026-02-04 22:25:08.523 [JavaFX Application Thread] INFO  c.minelink.controller.MainController - Status: Added peer: minelink-e26c9cc2
2026-02-04 22:25:08.523 [pool-2-thread-1] INFO  com.minelink.network.NetworkManager - Starting auto-punch to minelink-e26c9cc2
2026-02-04 22:25:08.523 [pool-2-thread-1] INFO  c.minelink.controller.MainController - Status: Starting auto-punch to minelink-e26c9cc2
2026-02-04 22:25:08.527 [nioEventLoopGroup-2-1] INFO  c.minelink.network.ReliableTransport - Connection established with minelink-e26c9cc2 (via punch ack)
2026-02-04 22:25:08.528 [nioEventLoopGroup-2-1] INFO  com.minelink.network.NetworkManager - Peer connected: minelink-e26c9cc2
2026-02-04 22:25:08.528 [nioEventLoopGroup-2-1] INFO  c.minelink.controller.MainController - Status: Peer connected: minelink-e26c9cc2
2026-02-04 22:25:08.528 [nioEventLoopGroup-2-1] INFO  com.minelink.network.NetworkManager - [MC BRIDGE] Starting TCP bridge for CLIENT mode...
2026-02-04 22:25:08.528 [nioEventLoopGroup-2-1] INFO  c.minelink.network.ReliableTransport - Connection established with minelink-d96c563d (via punch from /127.0.0.1:61357)
2026-02-04 22:25:08.528 [nioEventLoopGroup-2-1] INFO  com.minelink.network.NetworkManager - Peer connected: minelink-d96c563d
2026-02-04 22:25:08.528 [nioEventLoopGroup-2-1] INFO  c.minelink.controller.MainController - Status: Peer connected: minelink-d96c563d
2026-02-04 22:25:08.548 [nioEventLoopGroup-2-1] INFO  com.minelink.network.TcpBridge - [TcpBridge] Listening on 127.0.0.1:25565
2026-02-04 22:25:08.548 [nioEventLoopGroup-2-1] INFO  com.minelink.network.NetworkManager - TCP Bridge active on localhost:25565 - Connect Minecraft to this address!
2026-02-04 22:25:08.548 [nioEventLoopGroup-2-1] INFO  c.minelink.controller.MainController - Status: TCP Bridge active on localhost:25565 - Connect Minecraft to this address!
2026-02-04 22:25:08.549 [nioEventLoopGroup-2-1] INFO  com.minelink.network.NetworkManager - [MC BRIDGE] TCP Bridge listening on 127.0.0.1:25565 - Minecraft can connect now!
2026-02-04 22:25:08.588 [pool-3-thread-1] INFO  com.minelink.network.NetworkManager - Background punch: minelink-d96c563d is now connected!
2026-02-04 22:25:09.526 [pool-2-thread-1] INFO  com.minelink.network.NetworkManager - Background punch: minelink-e26c9cc2 is now connected!
2026-02-04 22:26:09.593 [pool-3-thread-2] WARN  c.minelink.network.ReliableTransport - Peer minelink-e26c9cc2 timed out
2026-02-04 22:26:09.593 [pool-3-thread-2] INFO  com.minelink.network.NetworkManager - Peer disconnected: minelink-e26c9cc2
2026-02-04 22:26:09.593 [nioEventLoopGroup-2-1] INFO  c.minelink.network.ReliableTransport - Connection established with minelink-e26c9cc2 (via punch ack)
2026-02-04 22:26:09.594 [nioEventLoopGroup-2-1] INFO  com.minelink.network.NetworkManager - Peer connected: minelink-e26c9cc2
2026-02-04 22:26:09.594 [pool-3-thread-2] INFO  c.minelink.controller.MainController - Status: Peer disconnected: minelink-e26c9cc2
2026-02-04 22:26:09.594 [nioEventLoopGroup-2-1] INFO  c.minelink.controller.MainController - Status: Peer connected: minelink-e26c9cc2
2026-02-04 22:26:12.422 [pool-4-thread-1] WARN  c.minelink.network.ReliableTransport - Peer minelink-d96c563d timed out
2026-02-04 22:26:12.422 [pool-4-thread-1] INFO  com.minelink.network.NetworkManager - Peer disconnected: minelink-d96c563d
2026-02-04 22:26:12.422 [nioEventLoopGroup-2-1] INFO  c.minelink.network.ReliableTransport - Connection established with minelink-d96c563d (via punch from /127.0.0.1:61357)
2026-02-04 22:26:12.423 [nioEventLoopGroup-2-1] INFO  com.minelink.network.NetworkManager - Peer connected: minelink-d96c563d
2026-02-04 22:26:12.423 [pool-4-thread-1] INFO  c.minelink.controller.MainController - Status: Peer disconnected: minelink-d96c563d
2026-02-04 22:26:12.423 [nioEventLoopGroup-2-1] INFO  c.minelink.controller.MainController - Status: Peer connected: minelink-d96c563d
2026-02-04 22:27:14.597 [pool-3-thread-1] WARN  c.minelink.network.ReliableTransport - Peer minelink-e26c9cc2 timed out
2026-02-04 22:27:14.597 [pool-3-thread-1] INFO  com.minelink.network.NetworkManager - Peer disconnected: minelink-e26c9cc2
2026-02-04 22:27:14.598 [pool-3-thread-1] INFO  c.minelink.controller.MainController - Status: Peer disconnected: minelink-e26c9cc2
2026-02-04 22:27:14.598 [nioEventLoopGroup-2-1] INFO  c.minelink.network.ReliableTransport - Connection established with minelink-e26c9cc2 (via punch from /127.0.0.1:61356)
2026-02-04 22:27:14.598 [nioEventLoopGroup-2-1] INFO  com.minelink.network.NetworkManager - Peer connected: minelink-e26c9cc2
2026-02-04 22:27:14.598 [nioEventLoopGroup-2-1] INFO  c.minelink.controller.MainController - Status: Peer connected: minelink-e26c9cc2
2026-02-04 22:27:17.413 [pool-4-thread-2] WARN  c.minelink.network.ReliableTransport - Peer minelink-d96c563d timed out
2026-02-04 22:27:17.413 [pool-4-thread-2] INFO  com.minelink.network.NetworkManager - Peer disconnected: minelink-d96c563d
2026-02-04 22:27:17.413 [pool-4-thread-2] INFO  c.minelink.controller.MainController - Status: Peer disconnected: minelink-d96c563d
2026-02-04 22:27:17.413 [nioEventLoopGroup-2-1] INFO  c.minelink.network.ReliableTransport - Connection established with minelink-d96c563d (via punch from /127.0.0.1:61357)
2026-02-04 22:27:17.413 [nioEventLoopGroup-2-1] INFO  com.minelink.network.NetworkManager - Peer connected: minelink-d96c563d
2026-02-04 22:27:17.413 [nioEventLoopGroup-2-1] INFO  c.minelink.controller.MainController - Status: Peer connected: minelink-d96c563d
2026-02-04 22:27:50.020 [JavaFX Application Thread] INFO  com.minelink.MineLinkApp - Shutting down MineLink...
2026-02-04 22:27:50.024 [JavaFX Application Thread] INFO  com.minelink.network.TcpBridge - [TcpBridge] Stopped
2026-02-04 22:27:50.026 [nioEventLoopGroup-2-1] WARN  c.minelink.network.ReliableTransport - === CHANNEL INACTIVE: no longer receiving packets ===
2026-02-04 22:27:50.029 [JavaFX Application Thread] INFO  c.minelink.network.ReliableTransport - Transport stopped
2026-02-04 22:27:50.029 [JavaFX Application Thread] INFO  com.minelink.network.NetworkManager - Network stopped
2026-02-04 22:27:50.029 [JavaFX Application Thread] INFO  c.minelink.controller.MainController - Status: Network stopped
2026-02-04 22:27:52.996 [JavaFX Application Thread] INFO  com.minelink.MineLinkApp - Shutting down MineLink...
2026-02-04 22:27:52.997 [nioEventLoopGroup-2-1] WARN  c.minelink.network.ReliableTransport - === CHANNEL INACTIVE: no longer receiving packets ===
2026-02-04 22:27:52.997 [JavaFX Application Thread] INFO  c.minelink.network.ReliableTransport - Transport stopped
2026-02-04 22:27:52.998 [JavaFX Application Thread] INFO  com.minelink.network.NetworkManager - Network stopped
2026-02-04 22:27:52.998 [JavaFX Application Thread] INFO  c.minelink.controller.MainController - Status: Network stopped
